[2025-06-23 11:52:07,213] 127 __init__.py - INFO - Loaded config from Config_Yaml/config_path.yaml
[2025-06-23 11:52:07,229] 127 __init__.py - INFO - Loaded config from Config_Yaml/classifiers.yaml
[2025-06-23 11:52:07,229] 104 __init__.py - INFO - Running 'execute_model_tune_evaluate'...
[2025-06-23 11:52:07,229] 237 Model_Tune_Evaluate.py - INFO - Starting model_tune_evaluate...
[2025-06-23 11:52:07,335] 158 Model_Tune_Evaluate.py - INFO - Tuning: logistic_regression
[2025-06-23 11:52:07,335] 104 __init__.py - INFO - Running 'get_model_class'...
[2025-06-23 11:52:07,335] 115 __init__.py - INFO - 'get_model_class' completed in 0.0000 sec
[2025-06-23 11:52:07,335] 116 __init__.py - INFO - Memory used: 1932.83 KB (peak: 2721.56 KB)
[2025-06-23 11:52:13,177] 104 __init__.py - INFO - Running 'evaluate_score'...
[2025-06-23 11:52:13,251] 115 __init__.py - INFO - 'evaluate_score' completed in 0.0743 sec
[2025-06-23 11:52:13,251] 116 __init__.py - INFO - Memory used: 79.77 KB (peak: 1111.42 KB)
[2025-06-23 11:52:13,251] 104 __init__.py - INFO - Running 'evaluate_score'...
[2025-06-23 11:52:13,311] 115 __init__.py - INFO - 'evaluate_score' completed in 0.0595 sec
[2025-06-23 11:52:13,311] 116 __init__.py - INFO - Memory used: 9.47 KB (peak: 222.45 KB)
[2025-06-23 11:52:13,311] 104 __init__.py - INFO - Running 'evaluate_score'...
[2025-06-23 11:52:13,370] 115 __init__.py - INFO - 'evaluate_score' completed in 0.0596 sec
[2025-06-23 11:52:13,370] 116 __init__.py - INFO - Memory used: 8.08 KB (peak: 221.11 KB)
[2025-06-23 11:52:13,370] 158 Model_Tune_Evaluate.py - INFO - Tuning: random_forest
[2025-06-23 11:52:13,370] 104 __init__.py - INFO - Running 'get_model_class'...
[2025-06-23 11:52:13,370] 115 __init__.py - INFO - 'get_model_class' completed in 0.0000 sec
[2025-06-23 11:52:13,370] 116 __init__.py - INFO - Memory used: 0.00 KB (peak: 0.29 KB)
[2025-06-23 11:53:49,352] 104 __init__.py - INFO - Running 'evaluate_score'...
[2025-06-23 11:53:50,288] 115 __init__.py - INFO - 'evaluate_score' completed in 0.9363 sec
[2025-06-23 11:53:50,288] 116 __init__.py - INFO - Memory used: 26.52 KB (peak: 1097.93 KB)
[2025-06-23 11:53:50,288] 104 __init__.py - INFO - Running 'evaluate_score'...
[2025-06-23 11:53:50,607] 115 __init__.py - INFO - 'evaluate_score' completed in 0.3196 sec
[2025-06-23 11:53:50,607] 116 __init__.py - INFO - Memory used: 25.21 KB (peak: 236.46 KB)
[2025-06-23 11:53:50,607] 104 __init__.py - INFO - Running 'evaluate_score'...
[2025-06-23 11:53:50,913] 115 __init__.py - INFO - 'evaluate_score' completed in 0.3051 sec
[2025-06-23 11:53:50,913] 116 __init__.py - INFO - Memory used: 22.17 KB (peak: 235.63 KB)
[2025-06-23 11:53:50,913] 158 Model_Tune_Evaluate.py - INFO - Tuning: xgboost
[2025-06-23 11:53:50,913] 104 __init__.py - INFO - Running 'get_model_class'...
[2025-06-23 11:53:50,913] 115 __init__.py - INFO - 'get_model_class' completed in 0.0000 sec
[2025-06-23 11:53:50,913] 116 __init__.py - INFO - Memory used: 0.00 KB (peak: 0.29 KB)
[2025-06-23 11:55:10,502] 104 __init__.py - INFO - Running 'evaluate_score'...
[2025-06-23 11:55:10,593] 115 __init__.py - INFO - 'evaluate_score' completed in 0.0913 sec
[2025-06-23 11:55:10,593] 116 __init__.py - INFO - Memory used: 27.99 KB (peak: 940.03 KB)
[2025-06-23 11:55:10,593] 104 __init__.py - INFO - Running 'evaluate_score'...
[2025-06-23 11:55:10,668] 115 __init__.py - INFO - 'evaluate_score' completed in 0.0748 sec
[2025-06-23 11:55:10,668] 116 __init__.py - INFO - Memory used: 40.33 KB (peak: 229.36 KB)
[2025-06-23 11:55:10,668] 104 __init__.py - INFO - Running 'evaluate_score'...
[2025-06-23 11:55:10,743] 115 __init__.py - INFO - 'evaluate_score' completed in 0.0733 sec
[2025-06-23 11:55:10,743] 116 __init__.py - INFO - Memory used: 32.27 KB (peak: 221.59 KB)
[2025-06-23 11:55:10,743] 155 Model_Tune_Evaluate.py - INFO - Skipping model 'svc' (not allowed)
[2025-06-23 11:55:10,745] 158 Model_Tune_Evaluate.py - INFO - Tuning: mlp
[2025-06-23 11:55:10,745] 104 __init__.py - INFO - Running 'get_model_class'...
[2025-06-23 11:55:10,745] 115 __init__.py - INFO - 'get_model_class' completed in 0.0000 sec
[2025-06-23 11:55:10,746] 116 __init__.py - INFO - Memory used: 0.00 KB (peak: 0.29 KB)
[2025-06-23 11:58:33,977] 104 __init__.py - INFO - Running 'evaluate_score'...
[2025-06-23 11:58:34,068] 115 __init__.py - INFO - 'evaluate_score' completed in 0.0913 sec
[2025-06-23 11:58:34,068] 116 __init__.py - INFO - Memory used: 9.45 KB (peak: 12035.36 KB)
[2025-06-23 11:58:34,068] 104 __init__.py - INFO - Running 'evaluate_score'...
[2025-06-23 11:58:34,131] 115 __init__.py - INFO - 'evaluate_score' completed in 0.0620 sec
[2025-06-23 11:58:34,131] 116 __init__.py - INFO - Memory used: 6.08 KB (peak: 2390.09 KB)
[2025-06-23 11:58:34,131] 104 __init__.py - INFO - Running 'evaluate_score'...
[2025-06-23 11:58:34,210] 115 __init__.py - INFO - 'evaluate_score' completed in 0.0795 sec
[2025-06-23 11:58:34,210] 116 __init__.py - INFO - Memory used: 5.77 KB (peak: 2391.27 KB)
[2025-06-23 11:58:34,226] 220 Model_Tune_Evaluate.py - INFO - Summary saved to: Config_Yaml\tuned_models.yaml
[2025-06-23 11:58:34,226] 257 Model_Tune_Evaluate.py - INFO - model_tune_evaluate completed.
[2025-06-23 11:58:34,226] 115 __init__.py - INFO - 'execute_model_tune_evaluate' completed in 386.9973 sec
[2025-06-23 11:58:34,226] 116 __init__.py - INFO - Memory used: 0.00 KB (peak: 0.00 KB)
